[2026-07-01T13:15:23.576Z] [INFO] Connected to MongoDB Atlas
[2026-07-01T13:15:23.822Z] [INFO] Total: 2000, already have messages: 3, remaining: 1997

  [   1/2000] AdNIKA | Growth Marketing Agency           ✓ 229c
  [   2/2000] TM Digital | Growth Marketing Agency       ✓ 282c
  [   3/2000] Lemniscate Growth | Growth Marketing Ag…   ✓ 207c
  [   4/2000] Add Value | Growth Marketing Agency        ✓ 178c
  [   5/2000] The Marketing Lab                          ✓ 179c
  [   6/2000] Marketing Insider Group                    ✓ 262c
  [   7/2000] Attract & Engage - THE Growth Marketing…   [2026-07-01T13:18:21.129Z] [INFO] Connected to MongoDB Atlas
[2026-07-01T13:18:21.387Z] [INFO] Total: 2000, already have messages: 9, remaining: 1991

  [   1/2000] Attract & Engage - THE Growth Marketing…   ✓ 255c
  [   2/2000] Agency Growth Team                         ✓ 157c
  [   3/2000] The Growth Co. ™                           ✓ 259c
  [   4/2000] Social Sculpt - Personal Branding and G…   ✓ 186c
  [   5/2000] Growth Sync                                ✓ 279c
  [   6/2000] The Agency Collective                      ✓ 274c
  [   7/2000] Marketing Mindset                          ✓ 175c
  [   8/2000] Congruence Growth & Marketing Agency       ✓ 241c
  [   9/2000] Growth Angels                              ✓ 169c
  [  10/2000] Marketing Lancashire                       ✓ 201c
  [  11/2000] Advoc Digital | Growth Marketing Agency    ✓ 206c
  [  12/2000] The Agency Events & Marketing              ✓ 199c
  [  13/2000] Spike - Growth Marketing Agency            ✓ 151c
  [  14/2000] Marketing Results Agency                   ✓ 168c
  [  15/2000] Marketing Vertos                           ✓ 184c
  [  16/2000] The Agency Adventure                       ✓ 146c
  [  17/2000] Growth HQ                                  ✓ 218c
  [  18/2000] Nine Digitals | Growth Marketing Agency    ✓ 235c
  [  19/2000] Atlas AI Growth & Marketing Agency         ✓ 208c
  [  20/2000] Growth A                                   ✓ 207c
  [  21/2000] Marketing Verse                            ✓ 193c
  [  22/2000] The Growth Bully                           ✓ 142c
  [  23/2000] Growth Anchors                             ✓ 187c
  [  24/2000] Growth Momentum                            ✓ 204c
  [  25/2000] Agency Y - Cold Calling & Email Marketi…   ✓ 261c
  [  26/2000] Digital Hot Sauce | Strategy & Growth M…   ✓ 200c
  [  27/2000] The Growth Marketer (TGM)                  ✓ 190c
  [  28/2000] The Marketing Dept. Colorado               ✓ 201c
  [  29/2000] The Marketing Machine                      ✓ 264c
  [  30/2000] Agency AI                                  ✓ 241c
  [  31/2000] Agency 102                                 ✓ 253c
  [  32/2000] Growth With Tech                           ✓ 236c
  [  33/2000] Growth Hacking Solutions                   ✓ 187c
  [  34/2000] The Growth Hustlers                        ✓ 149c
  [  35/2000] Marketing Mosaic                           ✓ 244c
  [  36/2000] Growth_100x                                ✓ 213c
  [  37/2000] FAYAH Digitals| Business Growth Marketi…   ✓ 206c
  [  38/2000] Growth Masters Hub                         ✓ 188c
  [  39/2000] Marketing Innovators                       ✓ 194c
  [  40/2000] Growth Makers / Powering Brand Growth      ✓ 189c
  [  41/2000] The Growth Revolution                      ✓ 144c
  [  42/2000] Growth Spin                                ✓ 208c
  [  43/2000] Growth and Performance                     ✓ 223c
  [  44/2000] AFRICA BUSINESS GATE                       ✓ 216c
  [  45/2000] Growth Gents - Roofing Growth Partner      ✓ 156c
  [  46/2000] Marketing Semiotics - Global Brand Stra…   ✓ 203c
  [  47/2000] Agency Darlings®                           ✓ 146c
  [  48/2000] Growth Partners Rotterdam - Digital Gro…   ✓ 240c
  [  49/2000] PPC Performance Agency                     ✓ 181c
  [  50/2000] Marketing Toolbox Agency                   ✓ 152c
  [  51/2000] ADHOUSE© - Growth Marketing Agency         ✓ 142c
  [  52/2000] Growth By Design Ltd                       ✓ 213c
  [  53/2000] Growth Sparx- Business Growth Solutions    ✓ 178c
  [  54/2000] Marketing With Hasan                       ✓ 182c
  [  55/2000] The Agency HQ                              ✓ 303c
  [  56/2000] For Marketing Matters LLC                  ✓ 178c
  [  57/2000] Agency 365                                 ✓ 189c
  [  58/2000] Optimized | Growth Marketing Agency        ✓ 211c
  [  59/2000] Growth Ranch                               ✓ 195c
  [  60/2000] Inbound Marketing Labs - Growth Marketi…   ✓ 249c
  [  61/2000] Marketing 32                               ✓ 234c
  [  62/2000] ?                                          ✓ 205c
  [  63/2000] Agency Nella                               ✓ 161c
  [  64/2000] Agency X                                   ✓ 212c
  [  65/2000] Growth Escalators                          ✓ 193c
  [  66/2000] Marketing Rizz                             ✓ 173c
  [  67/2000] Marketing Brains                           ✓ 202c
  [  68/2000] Marketing Guardians                        ✓ 159c
  [  69/2000] And Marketing Ltd.                         ✓ 213c
  [  70/2000] Marketing In Action                        ✓ 192c
  [  71/2000] The Marketing Factory AU                   ✓ 232c
  [  72/2000] Growth Levers Consulting GmbH              ✓ 200c
  [  73/2000] The Growth Agency                          ✓ 142c
  [  74/2000] the Agency san diego                       ✓ 220c
  [  75/2000] Agency 6B                                  ✓ 180c
  [  76/2000] The Marketing Associates                   ✓ 236c
  [  77/2000] Agency Bobble                              ✓ 204c
  [  78/2000] Pixelmedia- A Growth Marketing Agency      ✓ 187c
  [  79/2000] The Growth Monks                           ✓ 181c
  [  80/2000] Agency Strive                              ✓ 221c
  [  81/2000] Marketing Centennials                      ✓ 152c
  [  82/2000] Marketing With Singh                       ✓ 238c
  [  83/2000] Marketing Tips                             ✓ 168c
  [  84/2000] Growth Storm                               ✓ 201c
  [  85/2000] Agency Bel                                 ✓ 178c
  [  86/2000] Jolly Sherpa - Growth Marketing Agency     ✓ 255c
  [  87/2000] after.marketing                            ✓ 210c
  [  88/2000] Growth Magnate                             ✓ 249c
  [  89/2000] Marketing Guru Agency                      ✓ 199c
  [  90/2000] Growth Genix - Influencer Marketing Age…   ✓ 281c
  [  91/2000] Onyx Growth - SEO & Growth Marketing Ag…   ✓ 238c
  [  92/2000] Digital Marketing Company                  ✓ 194c
  [  93/2000] The Luminary Agency                        ✓ 156c
  [  94/2000] SuperStuff                                 ✓ 180c
  [  95/2000] Champion Sales & Marketing, Inc. (CS&M,…   ✓ 183c
  [  96/2000] BestLyfe Group                             ✓ 158c
  [  97/2000] Keenfunnel ≡ Omni-SaaS Agency              ✓ 210c
  [  98/2000] Agent So Fearth                            ✓ 178c
  [  99/2000] Canopy Search Group                        ✓ 149c
  [ 100/2000] KB Business Solutions, Inc.                ✓ 256c
  [ 101/2000] WeFlow Agency                              ✓ 160c
  [ 102/2000] FalconEye Marketing Agency                 ✓ 233c
  [ 103/2000] TalentBlvd                                 ✓ 124c
  [ 104/2000] RAEGAN HILL GROUP - Recruitment Agency …   ✓ 159c
  [ 105/2000] The Online Business Agency                 ✓ 212c
  [ 106/2000] Global Agora, LLC.                         ✓ 231c
  [ 107/2000] Aryo Consulting Group                      ✓ 198c
  [ 108/2000] SHFT Agency                                ✓ 195c
  [ 109/2000] Brighter Click                             ✓ 186c
  [ 110/2000] Creative Capital                           ✓ 185c
  [ 111/2000] TrendAroma Marketing                       ✓ 181c
  [ 112/2000] Moon Now                                   ✓ 185c
  [ 113/2000] Renaissance Marketing Group                ✓ 219c
  [ 114/2000] Mallard Agency                             ✓ 187c
  [ 115/2000] World Marketing Expert                     ✓ 178c
  [ 116/2000] GreenHouse Agency                          ✓ 184c
  [ 117/2000] A Premium Partnership Media & Advertisi…   ✓ 191c
  [ 118/2000] Caspi Marketing Agency                     ✓ 225c
  [ 119/2000] Social Island Media Group                  ✓ 211c
  [ 120/2000] Exler Marketing                            ✓ 200c
  [ 121/2000] Betterly.io                                ✓ 282c
  [ 122/2000] Techno-Consulting LLC                      ✓ 189c
  [ 123/2000] Goybo                                      ✓ 256c
  [ 124/2000] Alola Marketing                            ✓ 243c
  [ 125/2000] Virtual Method                             ✓ 195c
  [ 126/2000] Optimal Sales Search                       ✓ 147c
  [ 127/2000] Brilliant Brains | AI-Powered Digital M…   ✓ 183c
  [ 128/2000] RevCats                                    ✓ 263c
  [ 129/2000] NextBigWin                                 ✓ 197c
  [ 130/2000] Talent Scout                               ✓ 206c
  [ 131/2000] Covered Digital Marketing Agency           ✓ 155c
  [ 132/2000] Eyetastic Services®                        ✓ 190c
  [ 133/2000] Right Rudder Marketing                     ✓ 200c
  [ 134/2000] GAVL                                       ✓ 147c
  [ 135/2000] Fibonacci Agency                           ✓ 186c
  [ 136/2000] The Eckroth Sales & Marketing Agency, L…   ✓ 137c
  [ 137/2000] Higher Good Talent                         ✓ 184c
  [ 138/2000] DB Digital Marketing Agency                ✓ 218c
  [ 139/2000] Whole Growth Partners, LLC                 ✓ 202c
  [ 140/2000] Inc Tank GTM                               ✓ 177c
  [ 141/2000] Social Disrupt                             ✓ 173c
  [ 142/2000] Scalvex Marketing                          [2026-07-01T14:04:04.057Z] [INFO] Connected to MongoDB Atlas
[2026-07-01T14:04:04.359Z] [INFO] Total: 2000, already have messages: 150, remaining: 1850

  [   1/2000] Scalvex Marketing                          ✓ 168c
  [   2/2000] Influencer Community                       ✓ 195c
  [   3/2000] Real Nadeau Agency LLC                     ✓ 255c
  [   4/2000] Finesse Ink                                ✓ 240c
  [   5/2000] Midatlantic Business Media                 ✓ 207c
  [   6/2000] Building Talent | AEC Talent Agency        ✓ 130c
  [   7/2000] Vertex Offers                              ✓ 170c
  [   8/2000] Creatify Agency                            ✓ 124c
  [   9/2000] Dubai Hirings                              ✓ 144c
  [  10/2000] KCD PR                                     ✓ 155c
  [  11/2000] 4040 Agency                                ✓ 186c
  [  12/2000] National Skills Agency                     ✓ 300c
  [  13/2000] Fifty Six                                  ✓ 175c
  [  14/2000] Big Wave Digital                           ✓ 194c
  [  15/2000] Interacti Marketing Agency                 ✓ 193c
  [  16/2000] Witrex - Digital Marketing Agency          ✓ 215c
  [  17/2000] Coast Digital Studio                       ✓ 277c
  [  18/2000] Stealth Venture Labs                       ✓ 222c
  [  19/2000] STAPHAUS                                   ✓ 171c
  [  20/2000] Brand3                                     ✓ 234c
  [  21/2000] This is FARM                               ✓ 188c
  [  22/2000] Silverdrum                                 ✓ 182c
  [  23/2000] Current Agency                             ✓ 148c
  [  24/2000] Studio June - Digital Marketing Agency     ✓ 180c
  [  25/2000] The MicDrop Agency                         ✓ 194c
  [  26/2000] Outside ROI                                ✓ 230c
  [  27/2000] arkan mktg                                 ✓ 224c
  [  28/2000] Pandora Agency Limited                     ✓ 204c
  [  29/2000] Dirty Martini Marketing Ltd                ✓ 276c
  [  30/2000] Spectacle                                  ✓ 170c
  [  31/2000] DevangSolanki.Com - IT Enabler             ✓ 180c
  [  32/2000] Montfichet & Company- Atlanta              ✓ 242c
  [  33/2000] LinkUnite                                  ✓ 173c
  [  34/2000] ?                                          ✓ 190c
  [  35/2000] Nowness Agency                             ✓ 188c
  [  36/2000] Go2STAFFING                                ✓ 195c
  [  37/2000] Stellar Recruiting                         ✓ 190c
  [  38/2000] LaunchUnion.com - Amazon Marketing & Pr…   ✓ 197c
  [  39/2000] Broadwing Recruitment                      ✓ 162c
  [  40/2000] ColdEmailSecrets.io                        ✓ 163c
  [  41/2000] SocialSellinator                           ✓ 200c
  [  42/2000] 456 Growth Talent                          ✓ 171c
  [  43/2000] Recruiting Brainfood                       ✓ 195c
  [  44/2000] Placed Recruitment Services                ✓ 230c
  [  45/2000] Loopholes Agency                           ✓ 194c
  [  46/2000] Independent Projects                       ✓ 217c
  [  47/2000] Thrive Marketings - The Brand Developme…   ✓ 208c
  [  48/2000] KSL Media                                  ✓ 178c
  [  49/2000] Socioninja                                 ✓ 193c
  [  50/2000] Blockchain Headhunter                      ✓ 174c
  [  51/2000] Portofino Marketing Agency                 ✓ 198c
  [  52/2000] Raeesa Marketing Agency                    ✓ 250c
  [  53/2000] ?                                          ✓ 217c
  [  54/2000] @need Marketing                            ✓ 175c
  [  55/2000] Now Socialize - Digital Marketing Agency   ✓ 167c
  [  56/2000] Kennedy Marketing, LLC                     ✓ 196c
  [  57/2000] Zebra Growth                               ✓ 188c
  [  58/2000] Social Gamma                               ✓ 146c
  [  59/2000] Pharmacovigilance Jobs                     ✓ 161c
  [  60/2000] Nuwhï                                      ✓ 138c
  [  61/2000] 100C                                       ✓ 192c
  [  62/2000] Speak It To Be Marketing                   ✓ 258c
  [  63/2000] Priority Placements Recruitment            ✓ 174c
  [  64/2000] DSN Marketing & Business Consult           ✓ 223c
  [  65/2000] Kennedy Woods                              ✓ 184c
  [  66/2000] Drivenly | AI Growth Partner               ✓ 236c
  [  67/2000] DigiKnkt                                   